<?xml version="1.0" encoding="UTF-8"?>
<!-- Generated by org.testng.reporters.JUnitReportReporter -->
<testsuite hostname="DESKTOP-GRAD2N1" failures="0" tests="1" name="launchbrowser.BrowserLaunch" time="3.678" errors="0" timestamp="2024-01-02T20:24:46 IST" skipped="0">
  <testcase classname="launchbrowser.BrowserLaunch" name="google" time="3.678"/>
  <system-out/>
</testsuite> <!-- launchbrowser.BrowserLaunch -->
